#
# A fatal error has been detected by the Java Runtime Environment:
#
#  SIGSEGV (0xb) at pc=0x00007fff9515dacc, pid=40827, tid=27679
#
# JRE version: Java(TM) SE Runtime Environment (7.0_60-b19) (build 1.7.0_60-b19)
# Java VM: Java HotSpot(TM) 64-Bit Server VM (24.60-b09 mixed mode bsd-amd64 compressed oops)
# Problematic frame:
# C  [GLEngine+0x15bacc]  gleRunVertexSubmitImmediate+0x231c
#
# Failed to write core dump. Core dumps have been disabled. To enable core dumping, try "ulimit -c unlimited" before starting Java again
#
# If you would like to submit a bug report, please visit:
#   http://bugreport.sun.com/bugreport/crash.jsp
# The crash happened outside the Java Virtual Machine in native code.
# See problematic frame for where to report the bug.
#

---------------  T H R E A D  ---------------

Current thread (0x00007f969e0c7000):  JavaThread "AWT-EventQueue-0" [_thread_in_native, id=27679, stack(0x0000000118b07000,0x0000000118c07000)]

siginfo:si_signo=SIGSEGV: si_errno=0, si_code=1 (SEGV_MAPERR), si_addr=0x0000000000000000

Registers:
RAX=0x00007fff9515dacc, RBX=0x0000000000000006, RCX=0x0000000000000000, RDX=0x00007fff9515e518
RSP=0x0000000118c03d70, RBP=0x0000000118c03fc0, RSI=0x0000000000000000, RDI=0x0000000000001000
R8 =0x0000000000001000, R9 =0x00007f96a1054a00, R10=0x00007f969d8f2790, R11=0x00007f96a1054a00
R12=0x0000000000000003, R13=0x0000000000005003, R14=0x00007f96a1054a00, R15=0x0000000000000001
RIP=0x00007fff9515dacc, EFLAGS=0x0000000000010207, ERR=0x0000000000000004
  TRAPNO=0x000000000000000e

Top of Stack: (sp=0x0000000118c03d70)
0x0000000118c03d70:   0000000000000050 00007f969c1ef800
0x0000000118c03d80:   0000000118c03d00 0000000118c03d00
0x0000000118c03d90:   0000001000001006 0000000118c03d40
0x0000000118c03da0:   0000000000000020 00000000fffffffc
0x0000000118c03db0:   0000000000000010 d01f800000007e00
0x0000000118c03dc0:   0000000000000004 00001234802786b0
0x0000000118c03dd0:   00007f969d8f2560 0000000000000005
0x0000000118c03de0:   0000000000000000 0000000400000000
0x0000000118c03df0:   0000000000000004 0000000000000003
0x0000000118c03e00:   00000001ffffffff 0000000000000006
0x0000000118c03e10:   0000000118c03d48 0000000000000060
0x0000000118c03e20:   0000000000000000 00007f969c1f1070
0x0000000118c03e30:   5600d5c0241a3133 00007f96a1054a00
0x0000000118c03e40:   00007f96a1054b40 00007f96a1054b70
0x0000000118c03e50:   00007f96a1054b50 00007f96a1054b80
0x0000000118c03e60:   00007f96a1054b60 00007f96a1054ba0
0x0000000118c03e70:   0000000000000000 0000000000000000
0x0000000118c03e80:   fffffffe00000002 0403020100000401
0x0000000118c03e90:   0000000000000002 0000000000000001
0x0000000118c03ea0:   ffffffff00000000 0000000000000001
0x0000000118c03eb0:   00007f96a1054b90 0000000000000000
0x0000000118c03ec0:   0000000000000000 0000000000000000
0x0000000118c03ed0:   00000c3300000000 00007fff97d4fe68
0x0000000118c03ee0:   0000000000004000 0000000000000000
0x0000000118c03ef0:   0000000118c03f6c 0000000118c03f70
0x0000000118c03f00:   0000000118c03f74 00007f969d8f26f8
0x0000000118c03f10:   0000000000000000 0000000000000000
0x0000000118c03f20:   0000000000000000 00007f969d8f26f8
0x0000000118c03f30:   0000000000003384 00007f96a1054a00
0x0000000118c03f40:   0000000000000000 00007f96a1054a00
0x0000000118c03f50:   0000000000000000 000000011f8eea20
0x0000000118c03f60:   000000011f93be80 0000000000000000 

Instructions: (pc=0x00007fff9515dacc)
0x00007fff9515daac:   0f 10 01 e9 84 03 00 00 f3 0f 10 01 f3 0f 11 45
0x00007fff9515dabc:   80 f3 0f 10 41 04 f3 0f 11 45 84 e9 84 07 00 00
0x00007fff9515dacc:   f3 0f 10 01 f3 0f 11 45 80 f3 0f 10 41 04 f3 0f
0x00007fff9515dadc:   11 45 84 f3 0f 10 41 08 f3 0f 11 45 88 e9 62 07 

Register to memory mapping:

RAX=0x00007fff9515dacc: gleRunVertexSubmitImmediate+0x231c in /System/Library/Frameworks/OpenGL.framework/Versions/A/Resources/GLEngine.bundle/GLEngine at 0x00007fff95002000
RBX=0x0000000000000006 is an unknown value
RCX=0x0000000000000000 is an unknown value
RDX=0x00007fff9515e518: gleRunVertexSubmitImmediate+0x2d68 in /System/Library/Frameworks/OpenGL.framework/Versions/A/Resources/GLEngine.bundle/GLEngine at 0x00007fff95002000
RSP=0x0000000118c03d70 is pointing into the stack for thread: 0x00007f969e0c7000
RBP=0x0000000118c03fc0 is pointing into the stack for thread: 0x00007f969e0c7000
RSI=0x0000000000000000 is an unknown value
RDI=0x0000000000001000 is an unknown value
R8 =0x0000000000001000 is an unknown value
R9 =0x00007f96a1054a00 is an unknown value
R10=0x00007f969d8f2790 is an unknown value
R11=0x00007f96a1054a00 is an unknown value
R12=0x0000000000000003 is an unknown value
R13=0x0000000000005003 is an unknown value
R14=0x00007f96a1054a00 is an unknown value
R15=0x0000000000000001 is an unknown value


Stack: [0x0000000118b07000,0x0000000118c07000],  sp=0x0000000118c03d70,  free space=1011k
Native frames: (J=compiled Java code, j=interpreted, Vv=VM code, C=native code)
C  [GLEngine+0x15bacc]  gleRunVertexSubmitImmediate+0x231c
C  [GLEngine+0xcab54]  glDrawArrays_ACC_Exec+0x358
C  [libjogl_desktop.jnilib+0x23410]  Java_jogamp_opengl_gl4_GL4bcImpl_dispatch_1glDrawArrays1__IIIJ+0x40
j  jogamp.opengl.gl4.GL4bcImpl.dispatch_glDrawArrays1(IIIJ)V+0
j  jogamp.opengl.gl4.GL4bcImpl.glDrawArrays(III)V+51
j  com.marginallyclever.evilOverlord.Model.render(Ljavax/media/opengl/GL2;)V+98
j  com.marginallyclever.evilOverlord.Arm5.Arm5Robot.renderModels(Ljavax/media/opengl/GL2;)V+37
j  com.marginallyclever.evilOverlord.Arm5.Arm5Robot.render(Ljavax/media/opengl/GL2;)V+41
j  com.marginallyclever.evilOverlord.World.render(Ljavax/media/opengl/GL2;F)V+338
j  com.marginallyclever.evilOverlord.MainGUI.display(Ljavax/media/opengl/GLAutoDrawable;)V+124
j  jogamp.opengl.GLDrawableHelper.displayImpl(Ljavax/media/opengl/GLAutoDrawable;)V+81
j  jogamp.opengl.GLDrawableHelper.display(Ljavax/media/opengl/GLAutoDrawable;)V+2
j  javax.media.opengl.awt.GLJPanel$Updater.display(Ljavax/media/opengl/GLAutoDrawable;)V+200
j  javax.media.opengl.awt.GLJPanel$9.run()V+11
j  jogamp.opengl.GLDrawableHelper.invokeGLImpl(Ljavax/media/opengl/GLDrawable;Ljavax/media/opengl/GLContext;Ljava/lang/Runnable;Ljava/lang/Runnable;)V+203
j  jogamp.opengl.GLDrawableHelper.invokeGL(Ljavax/media/opengl/GLDrawable;Ljavax/media/opengl/GLContext;Ljava/lang/Runnable;Ljava/lang/Runnable;)V+72
j  javax.media.opengl.awt.GLJPanel$OffscreenBackend.doPaintComponent(Ljava/awt/Graphics;)V+29
j  javax.media.opengl.awt.GLJPanel.paintComponent(Ljava/awt/Graphics;)V+215
j  javax.swing.JComponent.paint(Ljava/awt/Graphics;)V+286
j  javax.swing.JComponent.paintToOffscreen(Ljava/awt/Graphics;IIIIII)V+41
j  javax.swing.RepaintManager$PaintManager.paintDoubleBuffered(Ljavax/swing/JComponent;Ljava/awt/Image;Ljava/awt/Graphics;IIII)V+163
j  javax.swing.RepaintManager$PaintManager.paint(Ljavax/swing/JComponent;Ljavax/swing/JComponent;Ljava/awt/Graphics;IIII)Z+116
j  javax.swing.RepaintManager.paint(Ljavax/swing/JComponent;Ljavax/swing/JComponent;Ljava/awt/Graphics;IIII)V+52
j  javax.swing.JComponent._paintImmediately(IIII)V+683
j  javax.swing.JComponent.paintImmediately(IIII)V+138
j  javax.swing.RepaintManager$3.run()Ljava/lang/Void;+75
j  javax.swing.RepaintManager$3.run()Ljava/lang/Object;+1
v  ~StubRoutines::call_stub
V  [libjvm.dylib+0x2db350]
V  [libjvm.dylib+0x2db120]
V  [libjvm.dylib+0x32e8f0]
j  java.security.AccessController.doPrivileged(Ljava/security/PrivilegedAction;Ljava/security/AccessControlContext;)Ljava/lang/Object;+0
j  java.security.ProtectionDomain$1.doIntersectionPrivilege(Ljava/security/PrivilegedAction;Ljava/security/AccessControlContext;Ljava/security/AccessControlContext;)Ljava/lang/Object;+28
j  javax.swing.RepaintManager.paintDirtyRegions(Ljava/util/Map;)V+154
j  javax.swing.RepaintManager.paintDirtyRegions()V+46
j  com.jogamp.opengl.util.AWTAnimatorImpl$1.run()V+374
j  java.awt.event.InvocationEvent.dispatch()V+11
j  java.awt.EventQueue.dispatchEventImpl(Ljava/awt/AWTEvent;Ljava/lang/Object;)V+21
j  java.awt.EventQueue.access$200(Ljava/awt/EventQueue;Ljava/awt/AWTEvent;Ljava/lang/Object;)V+3
j  java.awt.EventQueue$3.run()Ljava/lang/Void;+12
j  java.awt.EventQueue$3.run()Ljava/lang/Object;+1
v  ~StubRoutines::call_stub
V  [libjvm.dylib+0x2db350]
V  [libjvm.dylib+0x2db120]
V  [libjvm.dylib+0x32e8f0]
j  java.security.AccessController.doPrivileged(Ljava/security/PrivilegedAction;Ljava/security/AccessControlContext;)Ljava/lang/Object;+0
j  java.security.ProtectionDomain$1.doIntersectionPrivilege(Ljava/security/PrivilegedAction;Ljava/security/AccessControlContext;Ljava/security/AccessControlContext;)Ljava/lang/Object;+28
j  java.awt.EventQueue.dispatchEvent(Ljava/awt/AWTEvent;)V+46
j  java.awt.EventDispatchThread.pumpOneEventForFilters(I)V+245
j  java.awt.EventDispatchThread.pumpEventsForFilter(ILjava/awt/Conditional;Ljava/awt/EventFilter;)V+35
j  java.awt.EventDispatchThread.pumpEventsForHierarchy(ILjava/awt/Conditional;Ljava/awt/Component;)V+11
j  java.awt.EventDispatchThread.pumpEvents(ILjava/awt/Conditional;)V+4
j  java.awt.EventDispatchThread.pumpEvents(Ljava/awt/Conditional;)V+3
j  java.awt.EventDispatchThread.run()V+9
v  ~StubRoutines::call_stub
V  [libjvm.dylib+0x2db350]
V  [libjvm.dylib+0x2db867]
V  [libjvm.dylib+0x2db9a4]
V  [libjvm.dylib+0x32a876]
V  [libjvm.dylib+0x4f5c11]
V  [libjvm.dylib+0x4f7319]
V  [libjvm.dylib+0x420b4e]
C  [libsystem_pthread.dylib+0x32fc]  _pthread_body+0x83
C  [libsystem_pthread.dylib+0x3279]  _pthread_body+0x0
C  [libsystem_pthread.dylib+0x14b1]  thread_start+0xd

Java frames: (J=compiled Java code, j=interpreted, Vv=VM code)
j  jogamp.opengl.gl4.GL4bcImpl.dispatch_glDrawArrays1(IIIJ)V+0
j  jogamp.opengl.gl4.GL4bcImpl.glDrawArrays(III)V+51
j  com.marginallyclever.evilOverlord.Model.render(Ljavax/media/opengl/GL2;)V+98
j  com.marginallyclever.evilOverlord.Arm5.Arm5Robot.renderModels(Ljavax/media/opengl/GL2;)V+37
j  com.marginallyclever.evilOverlord.Arm5.Arm5Robot.render(Ljavax/media/opengl/GL2;)V+41
j  com.marginallyclever.evilOverlord.World.render(Ljavax/media/opengl/GL2;F)V+338
j  com.marginallyclever.evilOverlord.MainGUI.display(Ljavax/media/opengl/GLAutoDrawable;)V+124
j  jogamp.opengl.GLDrawableHelper.displayImpl(Ljavax/media/opengl/GLAutoDrawable;)V+81
j  jogamp.opengl.GLDrawableHelper.display(Ljavax/media/opengl/GLAutoDrawable;)V+2
j  javax.media.opengl.awt.GLJPanel$Updater.display(Ljavax/media/opengl/GLAutoDrawable;)V+200
j  javax.media.opengl.awt.GLJPanel$9.run()V+11
j  jogamp.opengl.GLDrawableHelper.invokeGLImpl(Ljavax/media/opengl/GLDrawable;Ljavax/media/opengl/GLContext;Ljava/lang/Runnable;Ljava/lang/Runnable;)V+203
j  jogamp.opengl.GLDrawableHelper.invokeGL(Ljavax/media/opengl/GLDrawable;Ljavax/media/opengl/GLContext;Ljava/lang/Runnable;Ljava/lang/Runnable;)V+72
j  javax.media.opengl.awt.GLJPanel$OffscreenBackend.doPaintComponent(Ljava/awt/Graphics;)V+29
j  javax.media.opengl.awt.GLJPanel.paintComponent(Ljava/awt/Graphics;)V+215
j  javax.swing.JComponent.paint(Ljava/awt/Graphics;)V+286
j  javax.swing.JComponent.paintToOffscreen(Ljava/awt/Graphics;IIIIII)V+41
j  javax.swing.RepaintManager$PaintManager.paintDoubleBuffered(Ljavax/swing/JComponent;Ljava/awt/Image;Ljava/awt/Graphics;IIII)V+163
j  javax.swing.RepaintManager$PaintManager.paint(Ljavax/swing/JComponent;Ljavax/swing/JComponent;Ljava/awt/Graphics;IIII)Z+116
j  javax.swing.RepaintManager.paint(Ljavax/swing/JComponent;Ljavax/swing/JComponent;Ljava/awt/Graphics;IIII)V+52
j  javax.swing.JComponent._paintImmediately(IIII)V+683
j  javax.swing.JComponent.paintImmediately(IIII)V+138
j  javax.swing.RepaintManager$3.run()Ljava/lang/Void;+75
j  javax.swing.RepaintManager$3.run()Ljava/lang/Object;+1
v  ~StubRoutines::call_stub
j  java.security.AccessController.doPrivileged(Ljava/security/PrivilegedAction;Ljava/security/AccessControlContext;)Ljava/lang/Object;+0
j  java.security.ProtectionDomain$1.doIntersectionPrivilege(Ljava/security/PrivilegedAction;Ljava/security/AccessControlContext;Ljava/security/AccessControlContext;)Ljava/lang/Object;+28
j  javax.swing.RepaintManager.paintDirtyRegions(Ljava/util/Map;)V+154
j  javax.swing.RepaintManager.paintDirtyRegions()V+46
j  com.jogamp.opengl.util.AWTAnimatorImpl$1.run()V+374
j  java.awt.event.InvocationEvent.dispatch()V+11
j  java.awt.EventQueue.dispatchEventImpl(Ljava/awt/AWTEvent;Ljava/lang/Object;)V+21
j  java.awt.EventQueue.access$200(Ljava/awt/EventQueue;Ljava/awt/AWTEvent;Ljava/lang/Object;)V+3
j  java.awt.EventQueue$3.run()Ljava/lang/Void;+12
j  java.awt.EventQueue$3.run()Ljava/lang/Object;+1
v  ~StubRoutines::call_stub
j  java.security.AccessController.doPrivileged(Ljava/security/PrivilegedAction;Ljava/security/AccessControlContext;)Ljava/lang/Object;+0
j  java.security.ProtectionDomain$1.doIntersectionPrivilege(Ljava/security/PrivilegedAction;Ljava/security/AccessControlContext;Ljava/security/AccessControlContext;)Ljava/lang/Object;+28
j  java.awt.EventQueue.dispatchEvent(Ljava/awt/AWTEvent;)V+46
j  java.awt.EventDispatchThread.pumpOneEventForFilters(I)V+245
j  java.awt.EventDispatchThread.pumpEventsForFilter(ILjava/awt/Conditional;Ljava/awt/EventFilter;)V+35
j  java.awt.EventDispatchThread.pumpEventsForHierarchy(ILjava/awt/Conditional;Ljava/awt/Component;)V+11
j  java.awt.EventDispatchThread.pumpEvents(ILjava/awt/Conditional;)V+4
j  java.awt.EventDispatchThread.pumpEvents(Ljava/awt/Conditional;)V+3
j  java.awt.EventDispatchThread.run()V+9
v  ~StubRoutines::call_stub

---------------  P R O C E S S  ---------------

Java Threads: ( => current thread )
  0x00007f969d17d800 JavaThread "AWT-EventQueue-0-AWTAnimator#00" [_thread_blocked, id=67095, stack(0x000000011b456000,0x000000011b556000)]
  0x00007f969c209800 JavaThread "TimerQueue" daemon [_thread_blocked, id=58631, stack(0x000000011a027000,0x000000011a127000)]
  0x00007f969c125000 JavaThread "Timer-0" daemon [_thread_blocked, id=56847, stack(0x00000001194fc000,0x00000001195fc000)]
  0x00007f969d11e800 JavaThread "Java2D Disposer" daemon [_thread_blocked, id=55307, stack(0x000000011927f000,0x000000011937f000)]
  0x00007f969d1d2800 JavaThread "Java2D Queue Flusher" daemon [_thread_blocked, id=53255, stack(0x0000000118cf0000,0x0000000118df0000)]
  0x00007f969c00c000 JavaThread "DestroyJavaVM" [_thread_blocked, id=4867, stack(0x000000010a460000,0x000000010a560000)]
=>0x00007f969e0c7000 JavaThread "AWT-EventQueue-0" [_thread_in_native, id=27679, stack(0x0000000118b07000,0x0000000118c07000)]
  0x00007f969e06e000 JavaThread "AWT-Shutdown" [_thread_blocked, id=31251, stack(0x000000011601a000,0x000000011611a000)]
  0x00007f969c04c800 JavaThread "AWT-AppKit" daemon [_thread_in_native, id=1299, stack(0x00007fff57361000,0x00007fff573e1000)]
  0x00007f969c020800 JavaThread "Service Thread" daemon [_thread_blocked, id=20995, stack(0x0000000114695000,0x0000000114795000)]
  0x00007f969d054000 JavaThread "C2 CompilerThread1" daemon [_thread_blocked, id=20483, stack(0x0000000114592000,0x0000000114692000)]
  0x00007f969d052000 JavaThread "C2 CompilerThread0" daemon [_thread_blocked, id=19971, stack(0x000000011448f000,0x000000011458f000)]
  0x00007f969c814000 JavaThread "JDWP Command Reader" daemon [_thread_in_native, id=19459, stack(0x000000011438c000,0x000000011448c000)]
  0x00007f969c805800 JavaThread "JDWP Event Helper Thread" daemon [_thread_blocked, id=18947, stack(0x0000000114289000,0x0000000114389000)]
  0x00007f969c804800 JavaThread "JDWP Transport Listener: dt_socket" daemon [_thread_blocked, id=18435, stack(0x0000000114186000,0x0000000114286000)]
  0x00007f969e009000 JavaThread "Signal Dispatcher" daemon [_thread_blocked, id=14355, stack(0x000000011407d000,0x000000011417d000)]
  0x00007f969e005800 JavaThread "Finalizer" daemon [_thread_blocked, id=13571, stack(0x00000001127c7000,0x00000001128c7000)]
  0x00007f969e005000 JavaThread "Reference Handler" daemon [_thread_blocked, id=13059, stack(0x00000001126c4000,0x00000001127c4000)]

Other Threads:
  0x00007f969c01a000 VMThread [stack: 0x00000001125c1000,0x00000001126c1000] [id=12547]
  0x00007f969c02e800 WatcherThread [stack: 0x0000000114798000,0x0000000114898000] [id=21507]

VM state:not at safepoint (normal execution)

VM Mutex/Monitor currently owned by a thread: None

Heap
 PSYoungGen      total 19456K, used 15996K [0x00000007eaa80000, 0x00000007ec000000, 0x0000000800000000)
  eden space 16896K, 79% used [0x00000007eaa80000,0x00000007eb7a6688,0x00000007ebb00000)
  from space 2560K, 98% used [0x00000007ebb00000,0x00000007ebd78c18,0x00000007ebd80000)
  to   space 2560K, 0% used [0x00000007ebd80000,0x00000007ebd80000,0x00000007ec000000)
 ParOldGen       total 43520K, used 24670K [0x00000007c0000000, 0x00000007c2a80000, 0x00000007eaa80000)
  object space 43520K, 56% used [0x00000007c0000000,0x00000007c18178e8,0x00000007c2a80000)
 PSPermGen       total 21504K, used 18968K [0x00000007bae00000, 0x00000007bc300000, 0x00000007c0000000)
  object space 21504K, 88% used [0x00000007bae00000,0x00000007bc086290,0x00000007bc300000)

Card table byte_map: [0x000000010d622000,0x000000010d84c000] byte_map_base: 0x000000010984b000

Polling page: 0x0000000108971000

Code Cache  [0x000000010a562000, 0x000000010a7d2000, 0x000000010d562000)
 total_blobs=940 nmethods=121 adapters=781 free_code_cache=48036Kb largest_free_block=49156800

Compilation events (10 events):
Event: 8.581 Thread 0x00007f969d054000  118             java.util.zip.InflaterInputStream::fill (60 bytes)
Event: 8.582 Thread 0x00007f969d052000  119             java.io.PushbackInputStream::ensureOpen (18 bytes)
Event: 8.582 Thread 0x00007f969d052000 nmethod 119 0x000000010a66fe90 code [0x000000010a66ffc0, 0x000000010a670038]
Event: 8.582 Thread 0x00007f969d052000  120             java.io.FilterInputStream::read (11 bytes)
Event: 8.583 Thread 0x00007f969d052000 nmethod 120 0x000000010a675cd0 code [0x000000010a675e20, 0x000000010a675f48]
Event: 8.583 Thread 0x00007f969d052000  121             java.io.PushbackInputStream::read (145 bytes)
Event: 8.586 Thread 0x00007f969d052000 nmethod 121 0x000000010a677150 code [0x000000010a6772c0, 0x000000010a677628]
Event: 8.588 Thread 0x00007f969d054000 nmethod 118 0x000000010a676210 code [0x000000010a6763c0, 0x000000010a676bc8]
Event: 9.141 Thread 0x00007f969d052000  122             java.util.zip.ZipInputStream::closeEntry (31 bytes)
Event: 9.142 Thread 0x00007f969d052000 nmethod 122 0x000000010a671490 code [0x000000010a671600, 0x000000010a671758]

GC Heap History (6 events):
Event: 2.555 GC heap before
{Heap before GC invocations=1 (full 0):
 PSYoungGen      total 19456K, used 16896K [0x00000007eaa80000, 0x00000007ec000000, 0x0000000800000000)
  eden space 16896K, 100% used [0x00000007eaa80000,0x00000007ebb00000,0x00000007ebb00000)
  from space 2560K, 0% used [0x00000007ebd80000,0x00000007ebd80000,0x00000007ec000000)
  to   space 2560K, 0% used [0x00000007ebb00000,0x00000007ebb00000,0x00000007ebd80000)
 ParOldGen       total 43520K, used 0K [0x00000007c0000000, 0x00000007c2a80000, 0x00000007eaa80000)
  object space 43520K, 0% used [0x00000007c0000000,0x00000007c0000000,0x00000007c2a80000)
 PSPermGen       total 21504K, used 11643K [0x00000007bae00000, 0x00000007bc300000, 0x00000007c0000000)
  object space 21504K, 54% used [0x00000007bae00000,0x00000007bb95ec68,0x00000007bc300000)
Event: 2.560 GC heap after
Heap after GC invocations=1 (full 0):
 PSYoungGen      total 19456K, used 2544K [0x00000007eaa80000, 0x00000007ec000000, 0x0000000800000000)
  eden space 16896K, 0% used [0x00000007eaa80000,0x00000007eaa80000,0x00000007ebb00000)
  from space 2560K, 99% used [0x00000007ebb00000,0x00000007ebd7c0a0,0x00000007ebd80000)
  to   space 2560K, 0% used [0x00000007ebd80000,0x00000007ebd80000,0x00000007ec000000)
 ParOldGen       total 43520K, used 609K [0x00000007c0000000, 0x00000007c2a80000, 0x00000007eaa80000)
  object space 43520K, 1% used [0x00000007c0000000,0x00000007c0098670,0x00000007c2a80000)
 PSPermGen       total 21504K, used 11643K [0x00000007bae00000, 0x00000007bc300000, 0x00000007c0000000)
  object space 21504K, 54% used [0x00000007bae00000,0x00000007bb95ec68,0x00000007bc300000)
}
Event: 5.625 GC heap before
{Heap before GC invocations=2 (full 0):
 PSYoungGen      total 19456K, used 19024K [0x00000007eaa80000, 0x00000007ec000000, 0x0000000800000000)
  eden space 16896K, 97% used [0x00000007eaa80000,0x00000007eba982a8,0x00000007ebb00000)
  from space 2560K, 99% used [0x00000007ebb00000,0x00000007ebd7c0a0,0x00000007ebd80000)
  to   space 2560K, 0% used [0x00000007ebd80000,0x00000007ebd80000,0x00000007ec000000)
 ParOldGen       total 43520K, used 609K [0x00000007c0000000, 0x00000007c2a80000, 0x00000007eaa80000)
  object space 43520K, 1% used [0x00000007c0000000,0x00000007c0098670,0x00000007c2a80000)
 PSPermGen       total 21504K, used 18478K [0x00000007bae00000, 0x00000007bc300000, 0x00000007c0000000)
  object space 21504K, 85% used [0x00000007bae00000,0x00000007bc00bab8,0x00000007bc300000)
Event: 5.633 GC heap after
Heap after GC invocations=2 (full 0):
 PSYoungGen      total 19456K, used 2541K [0x00000007eaa80000, 0x00000007ec000000, 0x0000000800000000)
  eden space 16896K, 0% used [0x00000007eaa80000,0x00000007eaa80000,0x00000007ebb00000)
  from space 2560K, 99% used [0x00000007ebd80000,0x00000007ebffb7f0,0x00000007ec000000)
  to   space 2560K, 0% used [0x00000007ebb00000,0x00000007ebb00000,0x00000007ebd80000)
 ParOldGen       total 43520K, used 14167K [0x00000007c0000000, 0x00000007c2a80000, 0x00000007eaa80000)
  object space 43520K, 32% used [0x00000007c0000000,0x00000007c0dd5db8,0x00000007c2a80000)
 PSPermGen       total 21504K, used 18478K [0x00000007bae00000, 0x00000007bc300000, 0x00000007c0000000)
  object space 21504K, 85% used [0x00000007bae00000,0x00000007bc00bab8,0x00000007bc300000)
}
Event: 8.297 GC heap before
{Heap before GC invocations=3 (full 0):
 PSYoungGen      total 19456K, used 19437K [0x00000007eaa80000, 0x00000007ec000000, 0x0000000800000000)
  eden space 16896K, 100% used [0x00000007eaa80000,0x00000007ebb00000,0x00000007ebb00000)
  from space 2560K, 99% used [0x00000007ebd80000,0x00000007ebffb7f0,0x00000007ec000000)
  to   space 2560K, 0% used [0x00000007ebb00000,0x00000007ebb00000,0x00000007ebd80000)
 ParOldGen       total 43520K, used 14167K [0x00000007c0000000, 0x00000007c2a80000, 0x00000007eaa80000)
  object space 43520K, 32% used [0x00000007c0000000,0x00000007c0dd5db8,0x00000007c2a80000)
 PSPermGen       total 21504K, used 18961K [0x00000007bae00000, 0x00000007bc300000, 0x00000007c0000000)
  object space 21504K, 88% used [0x00000007bae00000,0x00000007bc084568,0x00000007bc300000)
Event: 8.304 GC heap after
Heap after GC invocations=3 (full 0):
 PSYoungGen      total 19456K, used 2531K [0x00000007eaa80000, 0x00000007ec000000, 0x0000000800000000)
  eden space 16896K, 0% used [0x00000007eaa80000,0x00000007eaa80000,0x00000007ebb00000)
  from space 2560K, 98% used [0x00000007ebb00000,0x00000007ebd78c18,0x00000007ebd80000)
  to   space 2560K, 0% used [0x00000007ebd80000,0x00000007ebd80000,0x00000007ec000000)
 ParOldGen       total 43520K, used 24670K [0x00000007c0000000, 0x00000007c2a80000, 0x00000007eaa80000)
  object space 43520K, 56% used [0x00000007c0000000,0x00000007c18178e8,0x00000007c2a80000)
 PSPermGen       total 21504K, used 18961K [0x00000007bae00000, 0x00000007bc300000, 0x00000007c0000000)
  object space 21504K, 88% used [0x00000007bae00000,0x00000007bc084568,0x00000007bc300000)
}

Deoptimization events (9 events):
Event: 2.082 Thread 0x00007f969c04c800 Uncommon trap: reason=null_check action=make_not_entrant pc=0x000000010a5c8654 method=java.lang.String.equals(Ljava/lang/Object;)Z @ 8
Event: 3.055 Thread 0x00007f969e0c7000 Uncommon trap: reason=unreached action=reinterpret pc=0x000000010a60da64 method=java.lang.AbstractStringBuilder.append(Ljava/lang/String;)Ljava/lang/AbstractStringBuilder; @ 1
Event: 5.388 Thread 0x00007f969e0c7000 Uncommon trap: reason=unloaded action=reinterpret pc=0x000000010a61bf18 method=java.lang.CharacterData.of(I)Ljava/lang/CharacterData; @ 96
Event: 5.546 Thread 0x00007f969e0c7000 Uncommon trap: reason=range_check action=make_not_entrant pc=0x000000010a64bdf8 method=com.jogamp.opengl.util.PNGPixelRect.getPixelRGBSame(Ljava/nio/ByteBuffer;I[III)I @ 28
Event: 5.585 Thread 0x00007f969e0c7000 Uncommon trap: reason=unloaded action=reinterpret pc=0x000000010a6556c8 method=com.jogamp.opengl.util.PNGPixelRect.read(Ljava/io/InputStream;Ljavax/media/nativewindow/util/PixelFormat;ZIZ)Lcom/jogamp/opengl/util/PNGPixelRect; @ 1284
Event: 7.631 Thread 0x00007f969e0c7000 Uncommon trap: reason=predicate action=maybe_recompile pc=0x000000010a66869c method=java.util.Arrays.fill([Ljava/lang/Object;Ljava/lang/Object;)V @ 10
Event: 7.971 Thread 0x00007f969e0c7000 Uncommon trap: reason=class_check action=maybe_recompile pc=0x000000010a5e2a70 method=java.lang.String.equals(Ljava/lang/Object;)Z @ 8
Event: 8.229 Thread 0x00007f969e0c7000 Uncommon trap: reason=unloaded action=reinterpret pc=0x000000010a64f130 method=java.io.BufferedReader.readLine(Z)Ljava/lang/String; @ 268
Event: 8.329 Thread 0x00007f969e0c7000 Uncommon trap: reason=unreached action=reinterpret pc=0x000000010a66d8f4 method=com.marginallyclever.evilOverlord.Model.initialize(Ljavax/media/opengl/GL2;Ljava/io/BufferedReader;)V @ 46

Internal exceptions (10 events):
Event: 5.690 Thread 0x00007f969e0c7000 Threw 0x00000007ead79958 at /HUDSON/workspace/7u-2-build-macosx-x86_64/jdk7u60/1081/hotspot/src/share/vm/prims/jvm.cpp:1244
Event: 7.972 Thread 0x00007f969e0c7000 Threw 0x00000007eae60230 at /HUDSON/workspace/7u-2-build-macosx-x86_64/jdk7u60/1081/hotspot/src/share/vm/prims/jvm.cpp:1244
Event: 8.007 Thread 0x00007f969e0c7000 Threw 0x00000007eae7a8d8 at /HUDSON/workspace/7u-2-build-macosx-x86_64/jdk7u60/1081/hotspot/src/share/vm/prims/jvm.cpp:1244
Event: 8.038 Thread 0x00007f969e0c7000 Threw 0x00000007eae83c68 at /HUDSON/workspace/7u-2-build-macosx-x86_64/jdk7u60/1081/hotspot/src/share/vm/prims/jvm.cpp:1244
Event: 8.061 Thread 0x00007f969e0c7000 Threw 0x00000007eae88330 at /HUDSON/workspace/7u-2-build-macosx-x86_64/jdk7u60/1081/hotspot/src/share/vm/prims/jvm.cpp:1244
Event: 8.085 Thread 0x00007f969e0c7000 Threw 0x00000007eae8c608 at /HUDSON/workspace/7u-2-build-macosx-x86_64/jdk7u60/1081/hotspot/src/share/vm/prims/jvm.cpp:1244
Event: 8.108 Thread 0x00007f969e0c7000 Threw 0x00000007eae918b8 at /HUDSON/workspace/7u-2-build-macosx-x86_64/jdk7u60/1081/hotspot/src/share/vm/prims/jvm.cpp:1244
Event: 8.125 Thread 0x00007f969e0c7000 Threw 0x00000007eae94bb0 at /HUDSON/workspace/7u-2-build-macosx-x86_64/jdk7u60/1081/hotspot/src/share/vm/prims/jvm.cpp:1244
Event: 8.139 Thread 0x00007f969e0c7000 Threw 0x00000007eae989f0 at /HUDSON/workspace/7u-2-build-macosx-x86_64/jdk7u60/1081/hotspot/src/share/vm/prims/jvm.cpp:1244
Event: 8.141 Thread 0x00007f969e0c7000 Threw 0x00000007eae9f338 at /HUDSON/workspace/7u-2-build-macosx-x86_64/jdk7u60/1081/hotspot/src/share/vm/prims/jvm.cpp:1244

Events (10 events):
Event: 8.305 Executing VM operation: RevokeBias done
Event: 8.305 Executing VM operation: RevokeBias
Event: 8.306 Executing VM operation: RevokeBias done
Event: 8.306 Executing VM operation: BulkRevokeBias
Event: 8.306 Executing VM operation: BulkRevokeBias done
Event: 8.329 Thread 0x00007f969e0c7000 Uncommon trap: trap_request=0xffffffad fr.pc=0x000000010a66d8f4
Event: 8.329 Thread 0x00007f969e0c7000 DEOPT PACKING pc=0x000000010a66d8f4 sp=0x0000000118c04070
Event: 8.329 Thread 0x00007f969e0c7000 DEOPT UNPACKING pc=0x000000010a59b045 sp=0x0000000118c04040 mode 2
Event: 8.340 Thread 0x00007f969d054000 flushing nmethod 0x000000010a5c8210
Event: 8.517 Thread 0x00007f969c152800 Thread exited: 0x00007f969c152800


Dynamic libraries:
0x0000000008846000 	/System/Library/Frameworks/Cocoa.framework/Versions/A/Cocoa
0x0000000008846000 	/System/Library/Frameworks/Security.framework/Versions/A/Security
0x0000000008846000 	/System/Library/Frameworks/ApplicationServices.framework/Versions/A/ApplicationServices
0x0000000008846000 	/usr/lib/libz.1.dylib
0x0000000008846000 	/usr/lib/libSystem.B.dylib
0x0000000008846000 	/usr/lib/libobjc.A.dylib
0x0000000008846000 	/System/Library/Frameworks/CoreFoundation.framework/Versions/A/CoreFoundation
0x0000000008846000 	/System/Library/Frameworks/Foundation.framework/Versions/C/Foundation
0x0000000008846000 	/System/Library/Frameworks/AppKit.framework/Versions/C/AppKit
0x0000000008846000 	/System/Library/Frameworks/CoreData.framework/Versions/A/CoreData
0x0000000008846000 	/System/Library/PrivateFrameworks/RemoteViewServices.framework/Versions/A/RemoteViewServices
0x0000000008846000 	/System/Library/PrivateFrameworks/UIFoundation.framework/Versions/A/UIFoundation
0x0000000008846000 	/System/Library/Frameworks/IOSurface.framework/Versions/A/IOSurface
0x0000000008846000 	/System/Library/Frameworks/AudioToolbox.framework/Versions/A/AudioToolbox
0x0000000008846000 	/System/Library/Frameworks/AudioUnit.framework/Versions/A/AudioUnit
0x0000000008846000 	/System/Library/PrivateFrameworks/DataDetectorsCore.framework/Versions/A/DataDetectorsCore
0x0000000008846000 	/System/Library/PrivateFrameworks/DesktopServicesPriv.framework/Versions/A/DesktopServicesPriv
0x0000000008846000 	/System/Library/Frameworks/Carbon.framework/Versions/A/Frameworks/HIToolbox.framework/Versions/A/HIToolbox
0x0000000008846000 	/System/Library/Frameworks/QuartzCore.framework/Versions/A/QuartzCore
0x0000000008846000 	/System/Library/Frameworks/Carbon.framework/Versions/A/Frameworks/SpeechRecognition.framework/Versions/A/SpeechRecognition
0x0000000008846000 	/usr/lib/libauto.dylib
0x0000000008846000 	/usr/lib/libicucore.A.dylib
0x0000000008846000 	/usr/lib/libxml2.2.dylib
0x0000000008846000 	/System/Library/PrivateFrameworks/CoreUI.framework/Versions/A/CoreUI
0x0000000008846000 	/System/Library/Frameworks/CoreAudio.framework/Versions/A/CoreAudio
0x0000000008846000 	/System/Library/Frameworks/DiskArbitration.framework/Versions/A/DiskArbitration
0x0000000008846000 	/usr/lib/liblangid.dylib
0x0000000008846000 	/System/Library/PrivateFrameworks/MultitouchSupport.framework/Versions/A/MultitouchSupport
0x0000000008846000 	/System/Library/Frameworks/IOKit.framework/Versions/A/IOKit
0x0000000008846000 	/usr/lib/libDiagnosticMessagesClient.dylib
0x0000000008846000 	/System/Library/Frameworks/CoreServices.framework/Versions/A/CoreServices
0x0000000008846000 	/System/Library/PrivateFrameworks/PerformanceAnalysis.framework/Versions/A/PerformanceAnalysis
0x0000000008846000 	/System/Library/PrivateFrameworks/GenerationalStorage.framework/Versions/A/GenerationalStorage
0x0000000008846000 	/System/Library/Frameworks/OpenGL.framework/Versions/A/OpenGL
0x0000000008846000 	/System/Library/PrivateFrameworks/Sharing.framework/Versions/A/Sharing
0x0000000008846000 	/System/Library/Frameworks/CoreGraphics.framework/Versions/A/CoreGraphics
0x0000000008846000 	/System/Library/Frameworks/CoreText.framework/Versions/A/CoreText
0x0000000008846000 	/System/Library/Frameworks/ImageIO.framework/Versions/A/ImageIO
0x0000000008846000 	/usr/lib/libextension.dylib
0x0000000008846000 	/System/Library/PrivateFrameworks/Backup.framework/Versions/A/Backup
0x0000000008846000 	/usr/lib/libarchive.2.dylib
0x0000000008846000 	/System/Library/Frameworks/CFNetwork.framework/Versions/A/CFNetwork
0x0000000008846000 	/System/Library/Frameworks/SystemConfiguration.framework/Versions/A/SystemConfiguration
0x0000000008846000 	/usr/lib/libCRFSuite.dylib
0x0000000008846000 	/usr/lib/libc++.1.dylib
0x0000000008846000 	/usr/lib/libc++abi.dylib
0x0000000008846000 	/usr/lib/system/libcache.dylib
0x0000000008846000 	/usr/lib/system/libcommonCrypto.dylib
0x0000000008846000 	/usr/lib/system/libcompiler_rt.dylib
0x0000000008846000 	/usr/lib/system/libcopyfile.dylib
0x0000000008846000 	/usr/lib/system/libcorecrypto.dylib
0x0000000008846000 	/usr/lib/system/libdispatch.dylib
0x0000000008846000 	/usr/lib/system/libdyld.dylib
0x0000000008846000 	/usr/lib/system/libkeymgr.dylib
0x0000000008846000 	/usr/lib/system/liblaunch.dylib
0x0000000008846000 	/usr/lib/system/libmacho.dylib
0x0000000008846000 	/usr/lib/system/libquarantine.dylib
0x0000000008846000 	/usr/lib/system/libremovefile.dylib
0x0000000008846000 	/usr/lib/system/libsystem_asl.dylib
0x0000000008846000 	/usr/lib/system/libsystem_blocks.dylib
0x0000000008846000 	/usr/lib/system/libsystem_c.dylib
0x0000000008846000 	/usr/lib/system/libsystem_configuration.dylib
0x0000000008846000 	/usr/lib/system/libsystem_coreservices.dylib
0x0000000008846000 	/usr/lib/system/libsystem_coretls.dylib
0x0000000008846000 	/usr/lib/system/libsystem_dnssd.dylib
0x0000000008846000 	/usr/lib/system/libsystem_info.dylib
0x0000000008846000 	/usr/lib/system/libsystem_kernel.dylib
0x0000000008846000 	/usr/lib/system/libsystem_m.dylib
0x0000000008846000 	/usr/lib/system/libsystem_malloc.dylib
0x0000000008846000 	/usr/lib/system/libsystem_network.dylib
0x0000000008846000 	/usr/lib/system/libsystem_networkextension.dylib
0x0000000008846000 	/usr/lib/system/libsystem_notify.dylib
0x0000000008846000 	/usr/lib/system/libsystem_platform.dylib
0x0000000008846000 	/usr/lib/system/libsystem_pthread.dylib
0x0000000008846000 	/usr/lib/system/libsystem_sandbox.dylib
0x0000000008846000 	/usr/lib/system/libsystem_secinit.dylib
0x0000000008846000 	/usr/lib/system/libsystem_stats.dylib
0x0000000008846000 	/usr/lib/system/libsystem_trace.dylib
0x0000000008846000 	/usr/lib/system/libunc.dylib
0x0000000008846000 	/usr/lib/system/libunwind.dylib
0x0000000008846000 	/usr/lib/system/libxpc.dylib
0x0000000008846000 	/usr/lib/libbz2.1.0.dylib
0x0000000008846000 	/usr/lib/liblzma.5.dylib
0x0000000008846000 	/usr/lib/libbsm.0.dylib
0x0000000008846000 	/usr/lib/libsqlite3.dylib
0x0000000008846000 	/usr/lib/system/libkxld.dylib
0x0000000008846000 	/usr/lib/libxar.1.dylib
0x0000000008846000 	/usr/lib/libpam.2.dylib
0x0000000008846000 	/usr/lib/libOpenScriptingUtil.dylib
0x0000000008846000 	/System/Library/Frameworks/CoreServices.framework/Versions/A/Frameworks/FSEvents.framework/Versions/A/FSEvents
0x0000000008846000 	/System/Library/Frameworks/CoreServices.framework/Versions/A/Frameworks/CarbonCore.framework/Versions/A/CarbonCore
0x0000000008846000 	/System/Library/Frameworks/CoreServices.framework/Versions/A/Frameworks/Metadata.framework/Versions/A/Metadata
0x0000000008846000 	/System/Library/Frameworks/CoreServices.framework/Versions/A/Frameworks/OSServices.framework/Versions/A/OSServices
0x0000000008846000 	/System/Library/Frameworks/CoreServices.framework/Versions/A/Frameworks/SearchKit.framework/Versions/A/SearchKit
0x0000000008846000 	/System/Library/Frameworks/CoreServices.framework/Versions/A/Frameworks/AE.framework/Versions/A/AE
0x0000000008846000 	/System/Library/Frameworks/CoreServices.framework/Versions/A/Frameworks/LaunchServices.framework/Versions/A/LaunchServices
0x0000000008846000 	/System/Library/Frameworks/CoreServices.framework/Versions/A/Frameworks/DictionaryServices.framework/Versions/A/DictionaryServices
0x0000000008846000 	/System/Library/Frameworks/NetFS.framework/Versions/A/NetFS
0x0000000008846000 	/System/Library/PrivateFrameworks/NetAuth.framework/Versions/A/NetAuth
0x0000000008846000 	/System/Library/PrivateFrameworks/login.framework/Versions/A/Frameworks/loginsupport.framework/Versions/A/loginsupport
0x0000000008846000 	/System/Library/PrivateFrameworks/TCC.framework/Versions/A/TCC
0x0000000008846000 	/usr/lib/libmecabra.dylib
0x0000000008846000 	/System/Library/PrivateFrameworks/LanguageModeling.framework/Versions/A/LanguageModeling
0x0000000008846000 	/usr/lib/libcmph.dylib
0x0000000008846000 	/usr/lib/libiconv.2.dylib
0x0000000008846000 	/System/Library/Frameworks/OpenDirectory.framework/Versions/A/Frameworks/CFOpenDirectory.framework/Versions/A/CFOpenDirectory
0x0000000008846000 	/System/Library/Frameworks/ServiceManagement.framework/Versions/A/ServiceManagement
0x0000000008846000 	/usr/lib/libxslt.1.dylib
0x0000000008846000 	/System/Library/Frameworks/Carbon.framework/Versions/A/Frameworks/Ink.framework/Versions/A/Ink
0x0000000008846000 	/System/Library/Frameworks/ApplicationServices.framework/Versions/A/Frameworks/ATS.framework/Versions/A/ATS
0x0000000008846000 	/System/Library/Frameworks/ApplicationServices.framework/Versions/A/Frameworks/ColorSync.framework/Versions/A/ColorSync
0x0000000008846000 	/System/Library/Frameworks/ApplicationServices.framework/Versions/A/Frameworks/HIServices.framework/Versions/A/HIServices
0x0000000008846000 	/System/Library/Frameworks/ApplicationServices.framework/Versions/A/Frameworks/LangAnalysis.framework/Versions/A/LangAnalysis
0x0000000008846000 	/System/Library/Frameworks/ApplicationServices.framework/Versions/A/Frameworks/PrintCore.framework/Versions/A/PrintCore
0x0000000008846000 	/System/Library/Frameworks/ApplicationServices.framework/Versions/A/Frameworks/QD.framework/Versions/A/QD
0x0000000008846000 	/System/Library/Frameworks/ApplicationServices.framework/Versions/A/Frameworks/SpeechSynthesis.framework/Versions/A/SpeechSynthesis
0x0000000008846000 	/System/Library/Frameworks/Accelerate.framework/Versions/A/Accelerate
0x0000000008846000 	/System/Library/Frameworks/Accelerate.framework/Versions/A/Frameworks/vImage.framework/Versions/A/vImage
0x0000000008846000 	/System/Library/Frameworks/Accelerate.framework/Versions/A/Frameworks/vecLib.framework/Versions/A/vecLib
0x0000000008846000 	/System/Library/Frameworks/Accelerate.framework/Versions/A/Frameworks/vecLib.framework/Versions/A/libvDSP.dylib
0x0000000008846000 	/System/Library/Frameworks/Accelerate.framework/Versions/A/Frameworks/vecLib.framework/Versions/A/libvMisc.dylib
0x0000000008846000 	/System/Library/Frameworks/Accelerate.framework/Versions/A/Frameworks/vecLib.framework/Versions/A/libLAPACK.dylib
0x0000000008846000 	/System/Library/Frameworks/Accelerate.framework/Versions/A/Frameworks/vecLib.framework/Versions/A/libBLAS.dylib
0x0000000008846000 	/System/Library/Frameworks/Accelerate.framework/Versions/A/Frameworks/vecLib.framework/Versions/A/libLinearAlgebra.dylib
0x0000000008846000 	/System/Library/Frameworks/ApplicationServices.framework/Versions/A/Frameworks/ATS.framework/Versions/A/Resources/libFontParser.dylib
0x0000000008846000 	/System/Library/Frameworks/ApplicationServices.framework/Versions/A/Frameworks/ATS.framework/Versions/A/Resources/libFontRegistry.dylib
0x0000000008846000 	/System/Library/PrivateFrameworks/AppleVPA.framework/Versions/A/AppleVPA
0x0000000008846000 	/System/Library/PrivateFrameworks/AppleJPEG.framework/Versions/A/AppleJPEG
0x0000000008846000 	/System/Library/Frameworks/ImageIO.framework/Versions/A/Resources/libJPEG.dylib
0x0000000008846000 	/System/Library/Frameworks/ImageIO.framework/Versions/A/Resources/libTIFF.dylib
0x0000000008846000 	/System/Library/Frameworks/ImageIO.framework/Versions/A/Resources/libPng.dylib
0x0000000008846000 	/System/Library/Frameworks/ImageIO.framework/Versions/A/Resources/libGIF.dylib
0x0000000008846000 	/System/Library/Frameworks/ImageIO.framework/Versions/A/Resources/libJP2.dylib
0x0000000008846000 	/System/Library/Frameworks/ImageIO.framework/Versions/A/Resources/libRadiance.dylib
0x0000000008846000 	/System/Library/Frameworks/CoreVideo.framework/Versions/A/CoreVideo
0x0000000008846000 	/System/Library/Frameworks/OpenGL.framework/Versions/A/Libraries/libGLU.dylib
0x0000000008846000 	/System/Library/Frameworks/OpenGL.framework/Versions/A/Libraries/libGFXShared.dylib
0x0000000008846000 	/System/Library/Frameworks/OpenGL.framework/Versions/A/Libraries/libGL.dylib
0x0000000008846000 	/System/Library/Frameworks/OpenGL.framework/Versions/A/Libraries/libGLImage.dylib
0x0000000008846000 	/System/Library/Frameworks/OpenGL.framework/Versions/A/Libraries/libCVMSPluginSupport.dylib
0x0000000008846000 	/System/Library/Frameworks/OpenGL.framework/Versions/A/Libraries/libCoreVMClient.dylib
0x0000000008846000 	/usr/lib/libcups.2.dylib
0x0000000008846000 	/System/Library/Frameworks/Kerberos.framework/Versions/A/Kerberos
0x0000000008846000 	/System/Library/Frameworks/GSS.framework/Versions/A/GSS
0x0000000008846000 	/usr/lib/libresolv.9.dylib
0x0000000008846000 	/System/Library/PrivateFrameworks/Heimdal.framework/Versions/A/Heimdal
0x0000000008846000 	/usr/lib/libheimdal-asn1.dylib
0x0000000008846000 	/System/Library/Frameworks/OpenDirectory.framework/Versions/A/OpenDirectory
0x0000000008846000 	/System/Library/PrivateFrameworks/CommonAuth.framework/Versions/A/CommonAuth
0x0000000008846000 	/System/Library/Frameworks/SecurityFoundation.framework/Versions/A/SecurityFoundation
0x0000000008846000 	/System/Library/Frameworks/QuartzCore.framework/Versions/A/Frameworks/CoreImage.framework/Versions/A/CoreImage
0x0000000008846000 	/System/Library/PrivateFrameworks/CrashReporterSupport.framework/Versions/A/CrashReporterSupport
0x0000000008846000 	/System/Library/Frameworks/OpenCL.framework/Versions/A/OpenCL
0x0000000008846000 	/System/Library/PrivateFrameworks/FaceCore.framework/Versions/A/FaceCore
0x0000000008846000 	/System/Library/PrivateFrameworks/Ubiquity.framework/Versions/A/Ubiquity
0x0000000008846000 	/System/Library/PrivateFrameworks/IconServices.framework/Versions/A/IconServices
0x0000000008846000 	/System/Library/PrivateFrameworks/ChunkingLibrary.framework/Versions/A/ChunkingLibrary
0x0000000008846000 	/System/Library/PrivateFrameworks/Apple80211.framework/Versions/A/Apple80211
0x0000000008846000 	/System/Library/Frameworks/CoreWLAN.framework/Versions/A/CoreWLAN
0x0000000008846000 	/System/Library/Frameworks/IOBluetooth.framework/Versions/A/IOBluetooth
0x0000000008846000 	/System/Library/PrivateFrameworks/CoreWiFi.framework/Versions/A/CoreWiFi
0x0000000008846000 	/System/Library/Frameworks/CoreBluetooth.framework/Versions/A/CoreBluetooth
0x0000000008846000 	/System/Library/PrivateFrameworks/DebugSymbols.framework/Versions/A/DebugSymbols
0x0000000008846000 	/System/Library/PrivateFrameworks/CoreSymbolication.framework/Versions/A/CoreSymbolication
0x0000000008846000 	/System/Library/PrivateFrameworks/Symbolication.framework/Versions/A/Symbolication
0x0000000008846000 	/System/Library/PrivateFrameworks/SpeechRecognitionCore.framework/Versions/A/SpeechRecognitionCore
0x0000000109a00000 	/Library/Java/JavaVirtualMachines/jdk1.7.0_60.jdk/Contents/Home/jre/lib/server/libjvm.dylib
0x0000000008846000 	/usr/lib/libstdc++.6.dylib
0x0000000108934000 	/Library/Java/JavaVirtualMachines/jdk1.7.0_60.jdk/Contents/Home/jre/lib/libverify.dylib
0x0000000108941000 	/Library/Java/JavaVirtualMachines/jdk1.7.0_60.jdk/Contents/Home/jre/lib/libjava.dylib
0x0000000108972000 	/Library/Java/JavaVirtualMachines/jdk1.7.0_60.jdk/Contents/Home/jre/lib/libjdwp.dylib
0x00000001089af000 	/Library/Java/JavaVirtualMachines/jdk1.7.0_60.jdk/Contents/Home/jre/lib/libnpt.dylib
0x00000001089bc000 	/Library/Java/JavaVirtualMachines/jdk1.7.0_60.jdk/Contents/Home/jre/lib/libzip.dylib
0x00000001128c9000 	/System/Library/Frameworks/JavaVM.framework/Frameworks/JavaRuntimeSupport.framework/JavaRuntimeSupport
0x00000001128e1000 	/System/Library/Frameworks/JavaVM.framework/Versions/A/Frameworks/JavaNativeFoundation.framework/Versions/A/JavaNativeFoundation
0x00000001089ef000 	/System/Library/Frameworks/JavaVM.framework/Versions/A/JavaVM
0x0000000008846000 	/System/Library/Frameworks/Carbon.framework/Versions/A/Carbon
0x00000001128f6000 	/System/Library/PrivateFrameworks/JavaLaunching.framework/Versions/A/JavaLaunching
0x0000000008846000 	/System/Library/Frameworks/Carbon.framework/Versions/A/Frameworks/CommonPanels.framework/Versions/A/CommonPanels
0x0000000008846000 	/System/Library/Frameworks/Carbon.framework/Versions/A/Frameworks/Help.framework/Versions/A/Help
0x0000000008846000 	/System/Library/Frameworks/Carbon.framework/Versions/A/Frameworks/ImageCapture.framework/Versions/A/ImageCapture
0x0000000008846000 	/System/Library/Frameworks/Carbon.framework/Versions/A/Frameworks/OpenScripting.framework/Versions/A/OpenScripting
0x0000000008846000 	/System/Library/Frameworks/Carbon.framework/Versions/A/Frameworks/Print.framework/Versions/A/Print
0x0000000008846000 	/System/Library/Frameworks/Carbon.framework/Versions/A/Frameworks/SecurityHI.framework/Versions/A/SecurityHI
0x000000011417f000 	/Library/Java/JavaVirtualMachines/jdk1.7.0_60.jdk/Contents/Home/jre/lib/libdt_socket.dylib
0x00000001148d6000 	/Library/Java/JavaVirtualMachines/jdk1.7.0_60.jdk/Contents/Home/jre/lib/libawt.dylib
0x0000000114985000 	/Library/Java/JavaVirtualMachines/jdk1.7.0_60.jdk/Contents/Home/jre/lib/./libmlib_image.dylib
0x0000000114a51000 	/Library/Java/JavaVirtualMachines/jdk1.7.0_60.jdk/Contents/Home/jre/lib/lwawt/liblwawt.dylib
0x0000000114b05000 	/Library/Java/JavaVirtualMachines/jdk1.7.0_60.jdk/Contents/Home/jre/lib/libosxapp.dylib
0x0000000008846000 	/System/Library/Frameworks/ExceptionHandling.framework/Versions/A/ExceptionHandling
0x0000000008846000 	/System/Library/PrivateFrameworks/CoreServicesInternal.framework/Versions/A/CoreServicesInternal
0x0000000008846000 	/System/Library/PrivateFrameworks/CloudDocs.framework/Versions/A/CloudDocs
0x0000000008846000 	/System/Library/PrivateFrameworks/CoreDuet.framework/Versions/A/CoreDuet
0x0000000008846000 	/System/Library/Frameworks/CloudKit.framework/Versions/A/CloudKit
0x0000000008846000 	/System/Library/PrivateFrameworks/ProtocolBuffer.framework/Versions/A/ProtocolBuffer
0x0000000008846000 	/System/Library/PrivateFrameworks/CoreDuetDaemonProtocol.framework/Versions/A/CoreDuetDaemonProtocol
0x0000000008846000 	/System/Library/PrivateFrameworks/CoreDuetDebugLogging.framework/Versions/A/CoreDuetDebugLogging
0x0000000008846000 	/System/Library/Frameworks/CoreLocation.framework/Versions/A/CoreLocation
0x0000000008846000 	/System/Library/Frameworks/Accounts.framework/Versions/A/Accounts
0x0000000008846000 	/System/Library/PrivateFrameworks/ApplePushService.framework/Versions/A/ApplePushService
0x0000000008846000 	/System/Library/PrivateFrameworks/GeoServices.framework/Versions/A/GeoServices
0x0000000008846000 	/System/Library/PrivateFrameworks/OAuth.framework/Versions/A/OAuth
0x0000000008846000 	/System/Library/PrivateFrameworks/CoreDaemon.framework/Versions/B/CoreDaemon
0x0000000008846000 	/usr/lib/libcrypto.0.9.8.dylib
0x0000000008846000 	/System/Library/PrivateFrameworks/AppleSRP.framework/Versions/A/AppleSRP
0x0000000008846000 	/System/Library/PrivateFrameworks/TrustEvaluationAgent.framework/Versions/A/TrustEvaluationAgent
0x0000000008846000 	/System/Library/Frameworks/CoreGraphics.framework/Versions/A/Resources/libCGCMS.A.dylib
0x0000000008846000 	/System/Library/Frameworks/CoreGraphics.framework/Versions/A/Resources/libRIP.A.dylib
0x0000000008846000 	/System/Library/Frameworks/CoreGraphics.framework/Versions/A/Resources/libCGXType.A.dylib
0x0000000008846000 	/System/Library/Frameworks/OpenCL.framework/Versions/A/Libraries/libcldcpuengine.dylib
0x0000000008846000 	/System/Library/PrivateFrameworks/DiskImages.framework/Versions/A/DiskImages
0x0000000008846000 	/System/Library/Frameworks/DiscRecording.framework/Versions/A/DiscRecording
0x0000000008846000 	/usr/lib/libcsfde.dylib
0x0000000008846000 	/usr/lib/libcurl.4.dylib
0x0000000008846000 	/System/Library/PrivateFrameworks/MediaKit.framework/Versions/A/MediaKit
0x0000000008846000 	/System/Library/PrivateFrameworks/ProtectedCloudStorage.framework/Versions/A/ProtectedCloudStorage
0x0000000008846000 	/usr/lib/libCoreStorage.dylib
0x0000000008846000 	/System/Library/PrivateFrameworks/EFILogin.framework/Versions/A/EFILogin
0x0000000008846000 	/usr/lib/libutil.dylib
0x0000000008846000 	/System/Library/PrivateFrameworks/FindMyDevice.framework/Versions/A/FindMyDevice
0x0000000008846000 	/System/Library/Frameworks/LDAP.framework/Versions/A/LDAP
0x0000000008846000 	/usr/lib/libsasl2.2.dylib
0x000000011781f000 	cl_kernels
0x0000000117821000 	/System/Library/Frameworks/OpenCL.framework/Versions/A/Libraries/ImageFormats/unorm8_bgra.dylib
0x0000000117810000 	cl_kernels
0x0000000008846000 	/System/Library/PrivateFrameworks/FamilyControls.framework/Versions/A/FamilyControls
0x0000000008846000 	/System/Library/PrivateFrameworks/CommerceKit.framework/Versions/A/Frameworks/CommerceCore.framework/Versions/A/CommerceCore
0x0000000008846000 	/System/Library/PrivateFrameworks/SystemAdministration.framework/Versions/A/SystemAdministration
0x0000000008846000 	/System/Library/PrivateFrameworks/AppContainer.framework/Versions/A/AppContainer
0x0000000008846000 	/System/Library/PrivateFrameworks/SecCodeWrapper.framework/Versions/A/SecCodeWrapper
0x0000000008846000 	/System/Library/Frameworks/DirectoryService.framework/Versions/A/DirectoryService
0x0000000008846000 	/System/Library/PrivateFrameworks/LoginUIKit.framework/Versions/A/Frameworks/LoginUICore.framework/Versions/A/LoginUICore
0x0000000008846000 	/usr/lib/libodfde.dylib
0x0000000118a9f000 	/Library/Java/JavaVirtualMachines/jdk1.7.0_60.jdk/Contents/Home/jre/lib/libfontmanager.dylib
0x0000000118c80000 	/Library/Java/JavaVirtualMachines/jdk1.7.0_60.jdk/Contents/Home/jre/lib/libnet.dylib
0x0000000118cdd000 	/Library/Java/JavaVirtualMachines/jdk1.7.0_60.jdk/Contents/Home/jre/lib/libnio.dylib
0x0000000117814000 	/private/var/folders/rv/qhgbl4t14g3fyj6qqd264b1h0000gn/T/jogamp_0000/file_cache/jln5666304004988809291/jln8575039030844898554/libgluegen-rt.jnilib
0x0000000117818000 	/private/var/folders/rv/qhgbl4t14g3fyj6qqd264b1h0000gn/T/jogamp_0000/file_cache/jln5666304004988809291/jln8575039030844898554/libnativewindow_awt.jnilib
0x0000000118cec000 	/Library/Java/JavaVirtualMachines/jdk1.7.0_60.jdk/Contents/Home/jre/lib/libjawt.dylib
0x0000000008846000 	/System/Library/Frameworks/OpenGL.framework/Versions/A/Resources/GLEngine.bundle/GLEngine
0x0000000008846000 	/System/Library/Frameworks/OpenGL.framework/Versions/A/Libraries/libGLProgrammability.dylib
0x0000000000000000 	/System/Library/Extensions/AppleIntelHD3000GraphicsGLDriver.bundle/Contents/MacOS/AppleIntelHD3000GraphicsGLDriver
0x0000000118df2000 	/System/Library/PrivateFrameworks/GPUSupport.framework/Versions/A/Libraries/libGPUSupport.dylib
0x0000000000000000 	/System/Library/Extensions/AMDRadeonX3000GLDriver.bundle/Contents/MacOS/AMDRadeonX3000GLDriver
0x0000000008846000 	/System/Library/PrivateFrameworks/IOAccelerator.framework/Versions/A/IOAccelerator
0x0000000008846000 	/System/Library/PrivateFrameworks/GPUSupport.framework/Versions/A/Libraries/libGPUSupportMercury.dylib
0x0000000008846000 	/System/Library/Frameworks/OpenGL.framework/Versions/A/Resources/GLRendererFloat.bundle/GLRendererFloat
0x0000000119381000 	/private/var/folders/rv/qhgbl4t14g3fyj6qqd264b1h0000gn/T/jogamp_0000/file_cache/jln5666304004988809291/jln8575039030844898554/libnativewindow_macosx.jnilib
0x0000000119425000 	/private/var/folders/rv/qhgbl4t14g3fyj6qqd264b1h0000gn/T/jogamp_0000/file_cache/jln5666304004988809291/jln8575039030844898554/libjogl_desktop.jnilib
0x00000001194ed000 	/Library/Java/JavaVirtualMachines/jdk1.7.0_60.jdk/Contents/Home/jre/lib/libosx.dylib
0x00000001195fe000 	/Library/Java/JavaVirtualMachines/jdk1.7.0_60.jdk/Contents/Home/jre/lib/libosxui.dylib
0x0000000008846000 	/System/Library/Frameworks/ApplicationServices.framework/Versions/A/Frameworks/ATS.framework/Versions/A/Resources/libTrueTypeScaler.dylib
0x000000011fa8d000 	/Library/Java/JavaVirtualMachines/jdk1.7.0_60.jdk/Contents/Home/jre/lib/libdcpr.dylib

VM Arguments:
jvm_args: -agentlib:jdwp=transport=dt_socket,suspend=y,address=localhost:62811 -Dfile.encoding=UTF-8 
java_command: com.marginallyclever.evilOverlord.EvilOverlord
Launcher Type: SUN_STANDARD

Environment Variables:
PATH=/usr/bin:/bin:/usr/sbin:/sbin
SHELL=/bin/bash
DISPLAY=/private/tmp/com.apple.launchd.hBvnAsiszl/org.macosforge.xquartz:0

Signal Handlers:
SIGSEGV: [libjvm.dylib+0x52b7b1], sa_mask[0]=0xfffefeff, sa_flags=0x00000043
SIGBUS: [libjvm.dylib+0x52b7b1], sa_mask[0]=0xfffefeff, sa_flags=0x00000042
SIGFPE: [libjvm.dylib+0x41e28a], sa_mask[0]=0xfffefeff, sa_flags=0x00000042
SIGPIPE: [libjvm.dylib+0x41e28a], sa_mask[0]=0xfffefeff, sa_flags=0x00000042
SIGXFSZ: [libjvm.dylib+0x41e28a], sa_mask[0]=0xfffefeff, sa_flags=0x00000042
SIGILL: [libjvm.dylib+0x41e28a], sa_mask[0]=0xfffefeff, sa_flags=0x00000042
SIGUSR1: SIG_DFL, sa_mask[0]=0x00000000, sa_flags=0x00000000
SIGUSR2: [libjvm.dylib+0x41dd7c], sa_mask[0]=0x00000004, sa_flags=0x00000042
SIGHUP: [libjvm.dylib+0x41c00b], sa_mask[0]=0xfffefeff, sa_flags=0x00000042
SIGINT: [libjvm.dylib+0x41c00b], sa_mask[0]=0xfffefeff, sa_flags=0x00000042
SIGTERM: [libjvm.dylib+0x41c00b], sa_mask[0]=0xfffefeff, sa_flags=0x00000042
SIGQUIT: [libjvm.dylib+0x41c00b], sa_mask[0]=0xfffefeff, sa_flags=0x00000042


---------------  S Y S T E M  ---------------

OS:Bsduname:Darwin 14.0.0 Darwin Kernel Version 14.0.0: Fri Sep 19 00:26:44 PDT 2014; root:xnu-2782.1.97~2/RELEASE_X86_64 x86_64
rlimit: STACK 8192k, CORE 0k, NPROC 709, NOFILE 10240, AS infinity
load average:1.90 1.69 1.75

CPU:total 8 (4 cores per cpu, 2 threads per core) family 6 model 42 stepping 7, cmov, cx8, fxsr, mmx, sse, sse2, sse3, ssse3, sse4.1, sse4.2, popcnt, avx, aes, ht, tsc, tscinvbit

Memory: 4k page, physical 4194304k(1048576k free)

/proc/meminfo:


vm_info: Java HotSpot(TM) 64-Bit Server VM (24.60-b09) for bsd-amd64 JRE (1.7.0_60-b19), built on May  7 2014 12:52:25 by "java_re" with gcc 4.2.1 (Based on Apple Inc. build 5658) (LLVM build 2336.11.00)

time: Sat Oct  3 16:50:47 2015
elapsed time: 10 seconds

